<?xml version="1.0" encoding="UTF-8"?>
<!-- Generated by org.testng.reporters.JUnitReportReporter -->
<testsuite hostname="Anirbans-MacBook-Pro.local" failures="0" tests="1" name="Dummy.GetMethods" time="0.694" errors="0" timestamp="2023-01-12T19:44:39 IST" skipped="0">
  <testcase classname="Dummy.GetMethods" name="getCall" time="0.694"/>
  <system-out/>
</testsuite> <!-- Dummy.GetMethods -->
