<?xml version="1.0" encoding="UTF-8"?>
<!-- Generated by org.testng.reporters.JUnitReportReporter -->
<testsuite hostname="Anirbans-MacBook-Pro.local" failures="0" tests="1" name="RegressionTest.ToolTipValidation" time="9.019" errors="0" timestamp="2023-01-10T12:08:05 IST" skipped="0">
  <testcase classname="RegressionTest.ToolTipValidation" name="ToolTip_example" time="9.019"/>
  <system-out/>
</testsuite> <!-- RegressionTest.ToolTipValidation -->
