<?xml version="1.0" encoding="UTF-8"?>
<!-- Generated by org.testng.reporters.JUnitReportReporter -->
<testsuite hostname="Anirbans-MacBook-Pro.local" failures="0" tests="1" name="RegressionTest.Test4" time="21.180" errors="0" timestamp="2023-01-13T10:13:43 IST" skipped="0">
  <testcase classname="RegressionTest.Test4" name="testFrame" time="21.180"/>
  <system-out/>
</testsuite> <!-- RegressionTest.Test4 -->
