<?xml version="1.0" encoding="UTF-8"?>
<!-- Generated by org.testng.reporters.JUnitReportReporter -->
<testsuite hostname="Anirbans-MacBook-Pro.local" failures="0" tests="1" name="RegressionTest.Test1" time="38.805" errors="0" timestamp="2023-01-09T10:33:43 IST" skipped="0">
  <testcase classname="RegressionTest.Test1" name="Login" time="38.805"/>
  <system-out/>
</testsuite> <!-- RegressionTest.Test1 -->
