<?xml version="1.0" encoding="UTF-8"?>
<!-- Generated by org.testng.reporters.JUnitReportReporter -->
<testsuite hostname="Anirbans-MacBook-Pro.local" failures="0" tests="1" name="RegressionTest.Test3" time="14.070" errors="0" timestamp="2023-01-13T10:12:58 IST" skipped="0">
  <testcase classname="RegressionTest.Test3" name="test1_ToValidAuthentication" time="14.070"/>
  <system-out/>
</testsuite> <!-- RegressionTest.Test3 -->
