<?xml version="1.0" encoding="UTF-8"?>
<!-- Generated by org.testng.reporters.JUnitReportReporter -->
<testsuite hostname="Anirbans-MacBook-Pro.local" failures="0" tests="1" name="RegressionTest.Test1" time="32.337" errors="0" timestamp="2023-01-07T16:03:36 IST" skipped="0">
  <testcase classname="RegressionTest.Test1" name="Login" time="32.337"/>
  <system-out/>
</testsuite> <!-- RegressionTest.Test1 -->
