<?xml version="1.0" encoding="UTF-8"?>
<!-- Generated by org.testng.reporters.JUnitReportReporter -->
<testsuite hostname="Anirbans-MacBook-Pro.local" failures="0" tests="1" name="utils.BaseTest" time="27.619" errors="0" timestamp="2023-01-09T13:39:36 IST" skipped="0">
  <testcase classname="utils.BaseTest" name="test1" time="27.619"/>
  <system-out/>
</testsuite> <!-- utils.BaseTest -->
