<?xml version="1.0" encoding="UTF-8"?>
<!-- Generated by org.testng.reporters.JUnitReportReporter -->
<testsuite hostname="Anirbans-MacBook-Pro.local" failures="0" tests="2" name="RegressionTest.Test1" time="108.272" errors="0" timestamp="2023-01-09T13:33:01 IST" skipped="0">
  <testcase classname="RegressionTest.Test1" name="Login" time="28.692"/>
  <system-out/>
  <testcase classname="RegressionTest.Test1" name="test1" time="79.580"/>
  <system-out/>
</testsuite> <!-- RegressionTest.Test1 -->
