<?xml version="1.0" encoding="UTF-8"?>
<!-- Generated by org.testng.reporters.JUnitReportReporter -->
<testsuite hostname="Anirbans-MacBook-Pro.local" failures="0" tests="2" name="RegressionTest.Test4" time="158.256" errors="0" timestamp="2023-01-10T01:10:58 IST" skipped="0">
  <testcase classname="RegressionTest.Test4" name="testFrame" time="72.787"/>
  <system-out/>
  <testcase classname="RegressionTest.Test4" name="test1" time="85.469"/>
  <system-out/>
</testsuite> <!-- RegressionTest.Test4 -->
