<?xml version="1.0" encoding="UTF-8"?>
<!-- Generated by org.testng.reporters.JUnitReportReporter -->
<testsuite hostname="Anirbans-MacBook-Pro.local" failures="0" tests="2" name="RegressionTest.Test4" time="64.888" errors="0" timestamp="2023-01-09T13:01:37 IST" skipped="0">
  <testcase classname="RegressionTest.Test4" name="test1" time="30.073"/>
  <system-out/>
  <testcase classname="RegressionTest.Test4" name="Login" time="34.815"/>
  <system-out/>
</testsuite> <!-- RegressionTest.Test4 -->
