<?xml version="1.0" encoding="UTF-8"?>
<!-- Generated by org.testng.reporters.JUnitReportReporter -->
<testsuite hostname="Anirbans-MacBook-Pro.local" failures="0" tests="1" name="RegressionTest.ToolTipValidation" time="10.595" errors="0" timestamp="2023-01-10T10:44:03 IST" skipped="0">
  <testcase classname="RegressionTest.ToolTipValidation" name="ToolTip_example" time="10.595"/>
  <system-out/>
</testsuite> <!-- RegressionTest.ToolTipValidation -->
