<?xml version="1.0" encoding="UTF-8"?>
<!-- Generated by org.testng.reporters.JUnitReportReporter -->
<testsuite hostname="Anirbans-MacBook-Pro.local" failures="0" tests="1" name="RegressionTest.Test1" time="6.794" errors="0" timestamp="2023-01-10T12:08:05 IST" skipped="0">
  <testcase classname="RegressionTest.Test1" name="Login" time="6.794"/>
  <system-out/>
</testsuite> <!-- RegressionTest.Test1 -->
